2015-04-22 18:29:13,962 [Worker-0] INFO  o.e.m.c.i.i.nexus.NexusIndexManager - Updating index for repository: central|http://repo.maven.apache.org/maven2
2015-04-22 18:29:25,229 [Worker-0] ERROR o.e.m.c.i.i.nexus.NexusIndexManager - Unable to update index for central|http://repo.maven.apache.org/maven2
java.net.UnknownHostException: repo.maven.apache.org
	at java.net.Inet6AddressImpl.lookupAllHostAddr(Native Method) ~[na:1.7.0_45]
	at java.net.InetAddress$1.lookupAllHostAddr(InetAddress.java:901) ~[na:1.7.0_45]
	at java.net.InetAddress.getAddressesFromNameService(InetAddress.java:1293) ~[na:1.7.0_45]
	at java.net.InetAddress.getAllByName0(InetAddress.java:1246) ~[na:1.7.0_45]
	at java.net.InetAddress.getAllByName(InetAddress.java:1162) ~[na:1.7.0_45]
	at java.net.InetAddress.getAllByName(InetAddress.java:1098) ~[na:1.7.0_45]
	at com.squareup.okhttp.internal.Dns$1.getAllByName(Dns.java:29) ~[okhttp-1.5.4.jar:na]
	at com.squareup.okhttp.internal.http.RouteSelector.resetNextInetSocketAddress(RouteSelector.java:232) ~[okhttp-1.5.4.jar:na]
	at com.squareup.okhttp.internal.http.RouteSelector.next(RouteSelector.java:124) ~[okhttp-1.5.4.jar:na]
	at com.squareup.okhttp.internal.http.HttpEngine.connect(HttpEngine.java:242) ~[okhttp-1.5.4.jar:na]
	at com.squareup.okhttp.internal.http.HttpEngine.sendRequest(HttpEngine.java:186) ~[okhttp-1.5.4.jar:na]
	at com.squareup.okhttp.internal.http.HttpURLConnectionImpl.execute(HttpURLConnectionImpl.java:375) ~[okhttp-1.5.4.jar:na]
	at com.squareup.okhttp.internal.http.HttpURLConnectionImpl.getResponse(HttpURLConnectionImpl.java:328) ~[okhttp-1.5.4.jar:na]
	at com.squareup.okhttp.internal.http.HttpURLConnectionImpl.getResponseCode(HttpURLConnectionImpl.java:493) ~[okhttp-1.5.4.jar:na]
	at io.tesla.aether.okhttp.OkHttpAetherClient.authenticate(OkHttpAetherClient.java:131) ~[aether-connector-okhttp-0.12.0.jar:0.12.0]
	at io.tesla.aether.okhttp.OkHttpAetherClient.get(OkHttpAetherClient.java:85) ~[aether-connector-okhttp-0.12.0.jar:0.12.0]
	at org.eclipse.m2e.core.internal.index.nexus.AetherClientResourceFetcher.retrieve(AetherClientResourceFetcher.java:79) ~[org.eclipse.m2e.core_1.5.0.me201407071545.jar:na]
	at org.apache.maven.index.updater.AbstractResourceFetcher.retrieve(AbstractResourceFetcher.java:35) ~[indexer-core-3.1.0.jar:3.1.0]
	at org.apache.maven.index.updater.DefaultIndexUpdater.downloadIndexProperties(DefaultIndexUpdater.java:452) ~[indexer-core-3.1.0.jar:3.1.0]
	at org.apache.maven.index.updater.DefaultIndexUpdater.access$100(DefaultIndexUpdater.java:75) ~[indexer-core-3.1.0.jar:3.1.0]
	at org.apache.maven.index.updater.DefaultIndexUpdater$IndexAdaptor.setProperties(DefaultIndexUpdater.java:607) ~[indexer-core-3.1.0.jar:3.1.0]
	at org.apache.maven.index.updater.DefaultIndexUpdater.fetchAndUpdateIndex(DefaultIndexUpdater.java:788) ~[indexer-core-3.1.0.jar:3.1.0]
	at org.apache.maven.index.updater.DefaultIndexUpdater.fetchAndUpdateIndex(DefaultIndexUpdater.java:135) ~[indexer-core-3.1.0.jar:3.1.0]
	at org.eclipse.m2e.core.internal.index.nexus.NexusIndexManager.updateRemoteIndex(NexusIndexManager.java:1238) [org.eclipse.m2e.core_1.5.0.me201407071545.jar:na]
	at org.eclipse.m2e.core.internal.index.nexus.NexusIndexManager.updateIndex(NexusIndexManager.java:1193) [org.eclipse.m2e.core_1.5.0.me201407071545.jar:na]
	at org.eclipse.m2e.core.internal.index.nexus.NexusIndexManager$1.run(NexusIndexManager.java:703) [org.eclipse.m2e.core_1.5.0.me201407071545.jar:na]
	at org.eclipse.m2e.core.internal.index.nexus.IndexUpdaterJob.run(IndexUpdaterJob.java:72) [org.eclipse.m2e.core_1.5.0.me201407071545.jar:na]
	at org.eclipse.core.internal.jobs.Worker.run(Worker.java:54) [org.eclipse.core.jobs_3.6.0.v20140424-0053.jar:na]
2015-04-22 18:31:21,996 [Worker-4] INFO  c.g.e.m.h.c.ui.Html5AppCoreUIPlugin - Pluging started
